TN:
SF:src\App.tsx
FN:9,App
FN:10,(anonymous_2)
FNF:2
FNH:0
FNDA:0,App
FNDA:0,(anonymous_2)
DA:1,0
DA:2,0
DA:3,0
DA:4,0
DA:5,0
DA:6,0
DA:7,0
DA:10,0
DA:11,0
DA:16,0
DA:38,0
DA:41,0
LF:12
LH:0
BRF:0
BRH:0
end_of_record
TN:
SF:src\main.tsx
FNF:0
FNH:0
DA:1,0
DA:2,0
DA:3,0
DA:4,0
DA:6,0
LF:5
LH:0
BRF:0
BRH:0
end_of_record
TN:
SF:src\components\card\card.tsx
FN:4,(anonymous_0)
FNF:1
FNH:1
FNDA:37,(anonymous_0)
DA:1,1
DA:4,1
DA:5,37
LF:3
LH:3
BRF:0
BRH:0
end_of_record
TN:
SF:src\components\details\details.tsx
FN:13,(anonymous_7)
FN:20,(anonymous_8)
FN:22,(anonymous_9)
FN:26,(anonymous_10)
FN:28,(anonymous_11)
FN:33,(anonymous_12)
FN:52,(anonymous_13)
FN:52,(anonymous_14)
FNF:8
FNH:6
FNDA:3,(anonymous_7)
FNDA:3,(anonymous_8)
FNDA:0,(anonymous_9)
FNDA:3,(anonymous_10)
FNDA:3,(anonymous_11)
FNDA:0,(anonymous_12)
FNDA:2,(anonymous_13)
FNDA:2,(anonymous_14)
DA:1,1
DA:3,1
DA:4,1
DA:5,1
DA:13,1
DA:14,3
DA:15,3
DA:16,3
DA:17,3
DA:18,3
DA:20,3
DA:21,3
DA:22,0
DA:26,3
DA:27,3
DA:28,3
DA:29,3
DA:33,3
DA:34,0
DA:35,0
DA:36,0
DA:39,3
DA:52,2
DA:53,2
DA:54,2
DA:55,2
DA:56,0
DA:58,2
LF:28
LH:23
BRDA:21,0,0,0
BRDA:27,1,0,0
BRDA:42,2,0,1
BRDA:42,2,1,2
BRDA:42,3,0,3
BRDA:42,3,1,3
BRDA:43,4,0,1
BRDA:43,4,1,2
BRDA:43,5,0,3
BRDA:43,5,1,3
BRDA:44,6,0,1
BRDA:44,6,1,2
BRDA:44,7,0,3
BRDA:44,7,1,3
BRDA:44,8,0,1
BRDA:44,8,1,2
BRDA:44,9,0,3
BRDA:44,9,1,3
BRDA:45,10,0,3
BRDA:45,10,1,0
BRDA:45,11,0,3
BRDA:45,11,1,3
BRDA:45,12,0,1
BRDA:45,12,1,2
BRDA:45,13,0,3
BRDA:45,13,1,3
BRDA:55,14,0,0
BRF:27
BRH:23
end_of_record
TN:
SF:src\components\errButton\ErrorButton.tsx
FN:3,(anonymous_0)
FN:6,(anonymous_1)
FNF:2
FNH:1
FNDA:8,(anonymous_0)
FNDA:0,(anonymous_1)
DA:1,1
DA:3,1
DA:4,8
DA:6,8
DA:7,0
DA:11,8
DA:12,0
DA:14,8
DA:21,1
LF:9
LH:7
BRDA:11,0,0,0
BRF:1
BRH:0
end_of_record
TN:
SF:src\components\errHandling\fallbackRender.tsx
FN:1,(anonymous_0)
FNF:1
FNH:0
FNDA:0,(anonymous_0)
DA:1,0
DA:2,0
DA:10,0
LF:3
LH:0
BRF:0
BRH:0
end_of_record
TN:
SF:src\components\loader\loader.tsx
FN:3,(anonymous_0)
FNF:1
FNH:1
FNDA:17,(anonymous_0)
DA:1,1
DA:3,1
DA:4,17
DA:11,1
LF:4
LH:4
BRF:0
BRH:0
end_of_record
TN:
SF:src\components\pagination\pagination.tsx
FN:12,(anonymous_0)
FN:14,(anonymous_1)
FN:30,(anonymous_2)
FN:39,(anonymous_3)
FNF:4
FNH:1
FNDA:6,(anonymous_0)
FNDA:0,(anonymous_1)
FNDA:0,(anonymous_2)
FNDA:0,(anonymous_3)
DA:1,1
DA:3,1
DA:4,1
DA:12,1
DA:13,6
DA:14,6
DA:15,0
DA:16,0
DA:17,0
DA:18,0
DA:19,0
DA:20,0
DA:21,0
DA:24,6
DA:30,0
DA:39,0
LF:16
LH:7
BRDA:16,0,0,0
BRDA:16,0,1,0
BRDA:19,1,0,0
BRDA:19,1,1,0
BRDA:28,2,0,0
BRDA:28,2,1,6
BRDA:37,3,0,0
BRDA:37,3,1,6
BRF:8
BRH:2
end_of_record
TN:
SF:src\components\results\results.tsx
FN:11,(anonymous_8)
FN:20,(anonymous_9)
FN:24,fetchList
FN:27,(anonymous_12)
FN:36,(anonymous_13)
FN:40,(anonymous_14)
FN:50,(anonymous_15)
FNF:7
FNH:5
FNDA:15,(anonymous_8)
FNDA:5,(anonymous_9)
FNDA:5,fetchList
FNDA:3,(anonymous_12)
FNDA:0,(anonymous_13)
FNDA:0,(anonymous_14)
FNDA:36,(anonymous_15)
DA:1,1
DA:2,1
DA:4,1
DA:5,1
DA:6,1
DA:7,1
DA:8,1
DA:9,1
DA:11,1
DA:12,15
DA:13,15
DA:14,15
DA:15,15
DA:16,15
DA:17,15
DA:18,15
DA:20,15
DA:21,5
DA:25,5
DA:26,5
DA:27,5
DA:28,5
DA:29,5
DA:30,5
DA:32,0
DA:36,15
DA:37,0
DA:38,0
DA:40,15
DA:41,0
DA:42,0
DA:45,15
DA:51,36
DA:87,1
LF:34
LH:29
BRDA:13,0,0,4
BRDA:13,0,1,11
BRDA:28,1,0,1
BRDA:28,1,1,4
BRDA:29,2,0,1
BRDA:29,2,1,4
BRDA:49,3,0,15
BRDA:49,3,1,6
BRDA:58,4,0,15
BRDA:58,4,1,1
BRDA:66,5,0,15
BRDA:66,5,1,6
BRDA:75,6,0,15
BRDA:75,6,1,15
BRDA:76,7,0,2
BRDA:76,7,1,13
BRF:16
BRH:16
end_of_record
TN:
SF:src\components\search\search-bar.tsx
FN:8,(anonymous_8)
FN:11,(anonymous_9)
FN:11,(anonymous_10)
FN:16,(anonymous_11)
FN:18,(anonymous_12)
FN:30,(anonymous_13)
FN:37,(anonymous_14)
FNF:7
FNH:2
FNDA:8,(anonymous_8)
FNDA:0,(anonymous_9)
FNDA:0,(anonymous_10)
FNDA:0,(anonymous_11)
FNDA:3,(anonymous_12)
FNDA:0,(anonymous_13)
FNDA:0,(anonymous_14)
DA:1,1
DA:3,1
DA:4,1
DA:5,1
DA:6,1
DA:8,1
DA:9,8
DA:11,8
DA:12,0
DA:13,0
DA:16,8
DA:18,8
DA:19,3
DA:20,3
DA:21,3
DA:24,8
DA:30,0
DA:38,0
DA:39,0
DA:50,1
LF:20
LH:15
BRDA:21,0,0,0
BRDA:21,1,0,3
BRDA:21,1,1,0
BRF:3
BRH:1
end_of_record
TN:
SF:src\pages\home\home.tsx
FN:6,HomePage
FN:10,(anonymous_2)
FN:12,(anonymous_3)
FNF:3
FNH:1
FNDA:3,HomePage
FNDA:0,(anonymous_2)
FNDA:0,(anonymous_3)
DA:1,1
DA:2,1
DA:3,1
DA:4,1
DA:7,3
DA:8,3
DA:10,3
DA:11,0
DA:12,0
DA:15,3
DA:27,1
LF:11
LH:9
BRF:0
BRH:0
end_of_record
TN:
SF:src\pages\notfound\notfound.tsx
FN:3,(anonymous_0)
FN:9,(anonymous_1)
FNF:2
FNH:0
FNDA:0,(anonymous_0)
FNDA:0,(anonymous_1)
DA:1,0
DA:3,0
DA:4,0
DA:5,0
DA:9,0
DA:14,0
LF:6
LH:0
BRF:0
BRH:0
end_of_record
TN:
SF:src\utils\routes.tsx
FNF:0
FNH:0
DA:1,0
DA:2,0
DA:3,0
DA:5,0
DA:20,0
LF:5
LH:0
BRF:0
BRH:0
end_of_record
