TN:
SF:src\main.tsx
FNF:0
FNH:0
DA:1,0
DA:2,0
DA:3,0
DA:4,0
DA:5,0
DA:6,0
DA:8,0
LF:7
LH:0
BRF:0
BRH:0
end_of_record
TN:
SF:src\components\card\card.tsx
FN:4,(anonymous_0)
FNF:1
FNH:1
FNDA:115,(anonymous_0)
DA:1,1
DA:4,1
DA:5,115
LF:3
LH:3
BRF:0
BRH:0
end_of_record
TN:
SF:src\components\details\details.tsx
FN:12,(anonymous_7)
FN:17,(anonymous_8)
FN:35,(anonymous_9)
FN:35,(anonymous_10)
FNF:4
FNH:4
FNDA:4,(anonymous_7)
FNDA:1,(anonymous_8)
FNDA:4,(anonymous_9)
FNDA:4,(anonymous_10)
DA:1,1
DA:3,1
DA:4,1
DA:12,1
DA:13,4
DA:14,4
DA:15,4
DA:17,4
DA:18,1
DA:19,1
DA:22,4
DA:35,4
DA:36,4
DA:37,4
DA:38,3
DA:39,0
DA:41,3
LF:17
LH:16
BRDA:18,0,0,0
BRDA:18,0,1,1
BRDA:18,1,0,1
BRDA:18,1,1,0
BRDA:18,2,0,1
BRDA:18,2,1,0
BRDA:19,3,0,1
BRDA:19,3,1,0
BRDA:19,4,0,1
BRDA:19,4,1,0
BRDA:25,5,0,1
BRDA:25,5,1,3
BRDA:25,6,0,4
BRDA:25,6,1,4
BRDA:26,7,0,1
BRDA:26,7,1,3
BRDA:26,8,0,4
BRDA:26,8,1,4
BRDA:27,9,0,1
BRDA:27,9,1,3
BRDA:27,10,0,4
BRDA:27,10,1,4
BRDA:27,11,0,1
BRDA:27,11,1,3
BRDA:27,12,0,4
BRDA:27,12,1,4
BRDA:28,13,0,4
BRDA:28,13,1,0
BRDA:28,14,0,4
BRDA:28,14,1,4
BRDA:28,15,0,1
BRDA:28,15,1,3
BRDA:28,16,0,4
BRDA:28,16,1,4
BRDA:38,17,0,0
BRF:35
BRH:28
end_of_record
TN:
SF:src\components\errButton\errorButton.tsx
FN:3,(anonymous_0)
FN:6,(anonymous_1)
FNF:2
FNH:1
FNDA:28,(anonymous_0)
FNDA:0,(anonymous_1)
DA:1,1
DA:3,1
DA:4,28
DA:6,28
DA:7,0
DA:11,28
DA:12,0
DA:14,28
DA:21,1
LF:9
LH:7
BRDA:11,0,0,0
BRF:1
BRH:0
end_of_record
TN:
SF:src\components\errHandling\fallbackRender.tsx
FN:1,(anonymous_0)
FNF:1
FNH:0
FNDA:0,(anonymous_0)
DA:1,0
DA:2,0
DA:10,0
LF:3
LH:0
BRF:0
BRH:0
end_of_record
TN:
SF:src\components\loader\loader.tsx
FN:3,(anonymous_0)
FNF:1
FNH:1
FNDA:51,(anonymous_0)
DA:1,1
DA:3,1
DA:4,51
DA:11,1
LF:4
LH:4
BRF:0
BRH:0
end_of_record
TN:
SF:src\components\pagination\pagination.tsx
FN:12,(anonymous_0)
FN:14,(anonymous_1)
FN:31,(anonymous_2)
FN:40,(anonymous_3)
FNF:4
FNH:3
FNDA:19,(anonymous_0)
FNDA:1,(anonymous_1)
FNDA:0,(anonymous_2)
FNDA:1,(anonymous_3)
DA:1,1
DA:3,1
DA:4,1
DA:12,1
DA:13,19
DA:14,19
DA:15,1
DA:16,1
DA:17,1
DA:18,1
DA:19,1
DA:20,1
DA:21,1
DA:22,0
DA:25,19
DA:31,0
DA:40,1
LF:17
LH:15
BRDA:16,0,0,1
BRDA:16,0,1,0
BRDA:19,1,0,1
BRDA:19,1,1,0
BRDA:29,2,0,9
BRDA:29,2,1,10
BRDA:38,3,0,9
BRDA:38,3,1,10
BRF:8
BRH:6
end_of_record
TN:
SF:src\components\results\results.tsx
FN:11,(anonymous_8)
FN:22,(anonymous_9)
FN:22,(anonymous_10)
FN:25,(anonymous_11)
FN:40,(anonymous_12)
FN:44,(anonymous_13)
FN:46,(anonymous_14)
FN:49,(anonymous_15)
FN:60,(anonymous_16)
FN:68,(anonymous_17)
FNF:10
FNH:9
FNDA:48,(anonymous_8)
FNDA:18,(anonymous_9)
FNDA:18,(anonymous_10)
FNDA:10,(anonymous_11)
FNDA:18,(anonymous_12)
FNDA:5,(anonymous_13)
FNDA:5,(anonymous_14)
FNDA:0,(anonymous_15)
FNDA:120,(anonymous_16)
FNDA:5,(anonymous_17)
DA:1,1
DA:2,1
DA:4,1
DA:5,1
DA:6,1
DA:7,1
DA:8,1
DA:9,1
DA:11,1
DA:12,48
DA:13,48
DA:14,48
DA:15,48
DA:16,48
DA:17,48
DA:18,48
DA:19,48
DA:20,48
DA:22,48
DA:23,18
DA:24,18
DA:25,12
DA:26,12
DA:27,3
DA:28,3
DA:29,3
DA:31,9
DA:32,9
DA:33,9
DA:36,6
DA:40,48
DA:41,18
DA:44,48
DA:45,5
DA:46,5
DA:49,48
DA:50,0
DA:51,0
DA:52,0
DA:55,48
DA:61,120
DA:68,5
DA:108,1
LF:43
LH:40
BRDA:14,0,0,5
BRDA:14,0,1,43
BRDA:26,1,0,3
BRDA:26,1,1,9
BRDA:59,2,0,48
BRDA:59,2,1,20
BRDA:75,3,0,48
BRDA:75,3,1,7
BRDA:83,4,0,48
BRDA:83,4,1,20
BRDA:92,5,0,4
BRDA:92,5,1,44
BRDA:103,6,0,48
BRDA:103,6,1,48
BRF:14
BRH:14
end_of_record
TN:
SF:src\components\search\search-bar.tsx
FN:8,(anonymous_8)
FN:11,(anonymous_9)
FN:11,(anonymous_10)
FN:16,(anonymous_11)
FN:18,(anonymous_12)
FN:30,(anonymous_13)
FN:37,(anonymous_14)
FNF:7
FNH:7
FNDA:28,(anonymous_8)
FNDA:1,(anonymous_9)
FNDA:1,(anonymous_10)
FNDA:4,(anonymous_11)
FNDA:9,(anonymous_12)
FNDA:4,(anonymous_13)
FNDA:1,(anonymous_14)
DA:1,1
DA:3,1
DA:4,1
DA:5,1
DA:6,1
DA:8,1
DA:9,28
DA:11,28
DA:12,1
DA:13,1
DA:16,28
DA:18,28
DA:19,9
DA:20,9
DA:21,9
DA:24,28
DA:30,4
DA:38,1
DA:39,1
DA:50,1
LF:20
LH:20
BRDA:21,0,0,1
BRDA:21,1,0,9
BRDA:21,1,1,2
BRF:3
BRH:3
end_of_record
TN:
SF:src\pages\home\home.tsx
FN:6,HomePage
FN:10,(anonymous_2)
FN:12,(anonymous_3)
FNF:3
FNH:3
FNDA:11,HomePage
FNDA:1,(anonymous_2)
FNDA:1,(anonymous_3)
DA:1,1
DA:2,1
DA:3,1
DA:4,1
DA:7,11
DA:8,10
DA:10,10
DA:11,1
DA:12,1
DA:15,10
DA:27,1
LF:11
LH:11
BRF:0
BRH:0
end_of_record
TN:
SF:src\pages\notfound\notfound.tsx
FN:3,(anonymous_0)
FN:9,(anonymous_1)
FNF:2
FNH:0
FNDA:0,(anonymous_0)
FNDA:0,(anonymous_1)
DA:1,0
DA:3,0
DA:4,0
DA:5,0
DA:9,0
DA:14,0
LF:6
LH:0
BRF:0
BRH:0
end_of_record
